# JRE version: Java(TM) SE Runtime Environment (8.0_231-b11) (build 1.8.0_231-b11)
# Java VM: Java HotSpot(TM) 64-Bit Server VM (25.231-b11 mixed mode windows-amd64 compressed oops)
Heap:
 PSYoungGen      total 167424K, used 20037K [0x00000000e0000000, 0x00000000ee680000, 0x0000000100000000)
  eden space 148480K, 13% used [0x00000000e0000000,0x00000000e13916f8,0x00000000e9100000)
  from space 18944K, 0% used [0x00000000e9100000,0x00000000e9100000,0x00000000ea380000)
  to   space 18432K, 0% used [0x00000000ed480000,0x00000000ed480000,0x00000000ee680000)
 ParOldGen       total 81920K, used 30187K [0x00000000a0000000, 0x00000000a5000000, 0x00000000e0000000)
  object space 81920K, 36% used [0x00000000a0000000,0x00000000a1d7afb8,0x00000000a5000000)
 Metaspace       used 58571K, capacity 60048K, committed 60160K, reserved 1101824K
  class space    used 8084K, capacity 8421K, committed 8448K, reserved 1048576K
GC Heap History (10 events):
Event: 35.671 GC heap before
{Heap before GC invocations=12 (full 2):
 PSYoungGen      total 132608K, used 6394K [0x00000000e0000000, 0x00000000ea880000, 0x0000000100000000)
  eden space 120832K, 0% used [0x00000000e0000000,0x00000000e0000000,0x00000000e7600000)
  from space 11776K, 54% used [0x00000000e8180000,0x00000000e87bea48,0x00000000e8d00000)
  to   space 11776K, 0% used [0x00000000e7600000,0x00000000e7600000,0x00000000e8180000)
 ParOldGen       total 37888K, used 16742K [0x00000000a0000000, 0x00000000a2500000, 0x00000000e0000000)
  object space 37888K, 44% used [0x00000000a0000000,0x00000000a1059b70,0x00000000a2500000)
 Metaspace       used 34631K, capacity 35328K, committed 35496K, reserved 1079296K
  class space    used 4890K, capacity 5093K, committed 5120K, reserved 1048576K
Event: 35.826 GC heap after
Heap after GC invocations=12 (full 2):
 PSYoungGen      total 132608K, used 0K [0x00000000e0000000, 0x00000000ea880000, 0x0000000100000000)
  eden space 120832K, 0% used [0x00000000e0000000,0x00000000e0000000,0x00000000e7600000)
  from space 11776K, 0% used [0x00000000e8180000,0x00000000e8180000,0x00000000e8d00000)
  to   space 11776K, 0% used [0x00000000e7600000,0x00000000e7600000,0x00000000e8180000)
 ParOldGen       total 53248K, used 16056K [0x00000000a0000000, 0x00000000a3400000, 0x00000000e0000000)
  object space 53248K, 30% used [0x00000000a0000000,0x00000000a0fae1b8,0x00000000a3400000)
 Metaspace       used 34631K, capacity 35328K, committed 35496K, reserved 1079296K
  class space    used 4890K, capacity 5093K, committed 5120K, reserved 1048576K
}
Event: 44.826 GC heap before
{Heap before GC invocations=13 (full 2):
 PSYoungGen      total 132608K, used 120832K [0x00000000e0000000, 0x00000000ea880000, 0x0000000100000000)
  eden space 120832K, 100% used [0x00000000e0000000,0x00000000e7600000,0x00000000e7600000)
  from space 11776K, 0% used [0x00000000e8180000,0x00000000e8180000,0x00000000e8d00000)
  to   space 11776K, 0% used [0x00000000e7600000,0x00000000e7600000,0x00000000e8180000)
 ParOldGen       total 53248K, used 16056K [0x00000000a0000000, 0x00000000a3400000, 0x00000000e0000000)
  object space 53248K, 30% used [0x00000000a0000000,0x00000000a0fae1b8,0x00000000a3400000)
 Metaspace       used 46175K, capacity 47174K, committed 47488K, reserved 1089536K
  class space    used 6393K, capacity 6666K, committed 6784K, reserved 1048576K
Event: 44.850 GC heap after
Heap after GC invocations=13 (full 2):
 PSYoungGen      total 132608K, used 11774K [0x00000000e0000000, 0x00000000eb280000, 0x0000000100000000)
  eden space 120832K, 0% used [0x00000000e0000000,0x00000000e0000000,0x00000000e7600000)
  from space 11776K, 99% used [0x00000000e7600000,0x00000000e817fb00,0x00000000e8180000)
  to   space 15360K, 0% used [0x00000000ea380000,0x00000000ea380000,0x00000000eb280000)
 ParOldGen       total 53248K, used 21236K [0x00000000a0000000, 0x00000000a3400000, 0x00000000e0000000)
  object space 53248K, 39% used [0x00000000a0000000,0x00000000a14bd050,0x00000000a3400000)
 Metaspace       used 46175K, capacity 47174K, committed 47488K, reserved 1089536K
  class space    used 6393K, capacity 6666K, committed 6784K, reserved 1048576K
}
Event: 52.512 GC heap before
{Heap before GC invocations=14 (full 2):
 PSYoungGen      total 132608K, used 132606K [0x00000000e0000000, 0x00000000eb280000, 0x0000000100000000)
  eden space 120832K, 100% used [0x00000000e0000000,0x00000000e7600000,0x00000000e7600000)
  from space 11776K, 99% used [0x00000000e7600000,0x00000000e817fb00,0x00000000e8180000)
  to   space 15360K, 0% used [0x00000000ea380000,0x00000000ea380000,0x00000000eb280000)
 ParOldGen       total 53248K, used 21236K [0x00000000a0000000, 0x00000000a3400000, 0x00000000e0000000)
  object space 53248K, 39% used [0x00000000a0000000,0x00000000a14bd050,0x00000000a3400000)
 Metaspace       used 55555K, capacity 56848K, committed 57216K, reserved 1097728K
  class space    used 7622K, capacity 7937K, committed 8064K, reserved 1048576K
Event: 52.535 GC heap after
Heap after GC invocations=14 (full 2):
 PSYoungGen      total 163840K, used 15336K [0x00000000e0000000, 0x00000000eb700000, 0x0000000100000000)
  eden space 148480K, 0% used [0x00000000e0000000,0x00000000e0000000,0x00000000e9100000)
  from space 15360K, 99% used [0x00000000ea380000,0x00000000eb27a328,0x00000000eb280000)
  to   space 18944K, 0% used [0x00000000e9100000,0x00000000e9100000,0x00000000ea380000)
 ParOldGen       total 53248K, used 25034K [0x00000000a0000000, 0x00000000a3400000, 0x00000000e0000000)
  object space 53248K, 47% used [0x00000000a0000000,0x00000000a18729a0,0x00000000a3400000)
 Metaspace       used 55555K, capacity 56848K, committed 57216K, reserved 1097728K
  class space    used 7622K, capacity 7937K, committed 8064K, reserved 1048576K
}
Event: 53.159 GC heap before
{Heap before GC invocations=15 (full 2):
 PSYoungGen      total 163840K, used 46495K [0x00000000e0000000, 0x00000000eb700000, 0x0000000100000000)
  eden space 148480K, 20% used [0x00000000e0000000,0x00000000e1e6da18,0x00000000e9100000)
  from space 15360K, 99% used [0x00000000ea380000,0x00000000eb27a328,0x00000000eb280000)
  to   space 18944K, 0% used [0x00000000e9100000,0x00000000e9100000,0x00000000ea380000)
 ParOldGen       total 53248K, used 25034K [0x00000000a0000000, 0x00000000a3400000, 0x00000000e0000000)
  object space 53248K, 47% used [0x00000000a0000000,0x00000000a18729a0,0x00000000a3400000)
 Metaspace       used 57680K, capacity 59106K, committed 59160K, reserved 1099776K
  class space    used 7940K, capacity 8290K, committed 8320K, reserved 1048576K
Event: 53.180 GC heap after
Heap after GC invocations=15 (full 2):
 PSYoungGen      total 167424K, used 3365K [0x00000000e0000000, 0x00000000ee680000, 0x0000000100000000)
  eden space 148480K, 0% used [0x00000000e0000000,0x00000000e0000000,0x00000000e9100000)
  from space 18944K, 17% used [0x00000000e9100000,0x00000000e94494d0,0x00000000ea380000)
  to   space 18432K, 0% used [0x00000000ed480000,0x00000000ed480000,0x00000000ee680000)
 ParOldGen       total 53248K, used 37421K [0x00000000a0000000, 0x00000000a3400000, 0x00000000e0000000)
  object space 53248K, 70% used [0x00000000a0000000,0x00000000a248b6d8,0x00000000a3400000)
 Metaspace       used 57680K, capacity 59106K, committed 59160K, reserved 1099776K
  class space    used 7940K, capacity 8290K, committed 8320K, reserved 1048576K
}
Event: 53.180 GC heap before
{Heap before GC invocations=16 (full 3):
 PSYoungGen      total 167424K, used 3365K [0x00000000e0000000, 0x00000000ee680000, 0x0000000100000000)
  eden space 148480K, 0% used [0x00000000e0000000,0x00000000e0000000,0x00000000e9100000)
  from space 18944K, 17% used [0x00000000e9100000,0x00000000e94494d0,0x00000000ea380000)
  to   space 18432K, 0% used [0x00000000ed480000,0x00000000ed480000,0x00000000ee680000)
 ParOldGen       total 53248K, used 37421K [0x00000000a0000000, 0x00000000a3400000, 0x00000000e0000000)
  object space 53248K, 70% used [0x00000000a0000000,0x00000000a248b6d8,0x00000000a3400000)
 Metaspace       used 57680K, capacity 59106K, committed 59160K, reserved 1099776K
  class space    used 7940K, capacity 8290K, committed 8320K, reserved 1048576K
Event: 53.398 GC heap after
Heap after GC invocations=16 (full 3):
 PSYoungGen      total 167424K, used 0K [0x00000000e0000000, 0x00000000ee680000, 0x0000000100000000)
  eden space 148480K, 0% used [0x00000000e0000000,0x00000000e0000000,0x00000000e9100000)
  from space 18944K, 0% used [0x00000000e9100000,0x00000000e9100000,0x00000000ea380000)
  to   space 18432K, 0% used [0x00000000ed480000,0x00000000ed480000,0x00000000ee680000)
 ParOldGen       total 81920K, used 30187K [0x00000000a0000000, 0x00000000a5000000, 0x00000000e0000000)
  object space 81920K, 36% used [0x00000000a0000000,0x00000000a1d7afb8,0x00000000a5000000)
 Metaspace       used 57680K, capacity 59106K, committed 59160K, reserved 1099776K
  class space    used 7940K, capacity 8290K, committed 8320K, reserved 1048576K
}

